<?xml version="1.0" encoding="UTF-8"?>
<testng-results ignored="0" total="1" passed="1" failed="0" skipped="0">
  <reporter-output>
  </reporter-output>
  <suite started-at="2023-10-26T07:09:09 BRT" name="Default suite" finished-at="2023-10-26T07:09:30 BRT" duration-ms="20545">
    <groups>
    </groups>
    <test started-at="2023-10-26T07:09:09 BRT" name="Default test" finished-at="2023-10-26T07:09:30 BRT" duration-ms="20545">
      <class name="testcase.LoginTests">
        <test-method is-config="true" signature="Setup()[pri:0, instance:testcase.LoginTests@78691363]" started-at="2023-10-26T07:09:09 BRT" name="Setup" finished-at="2023-10-26T07:09:21 BRT" duration-ms="11941" status="PASS">
          <reporter-output>
          </reporter-output>
        </test-method> <!-- Setup -->
        <test-method signature="LoginTest()[pri:0, instance:testcase.LoginTests@78691363]" started-at="2023-10-26T07:09:21 BRT" name="LoginTest" finished-at="2023-10-26T07:09:30 BRT" duration-ms="8428" status="PASS">
          <reporter-output>
          </reporter-output>
        </test-method> <!-- LoginTest -->
        <test-method is-config="true" signature="TearDown()[pri:0, instance:testcase.LoginTests@78691363]" started-at="2023-10-26T07:09:30 BRT" name="TearDown" finished-at="2023-10-26T07:09:30 BRT" duration-ms="135" status="PASS">
          <reporter-output>
          </reporter-output>
        </test-method> <!-- TearDown -->
      </class> <!-- testcase.LoginTests -->
    </test> <!-- Default test -->
  </suite> <!-- Default suite -->
</testng-results>
